./skw.sh bun app01 'button,card,input'                                                                                                                                ─╯
Wails CLI v2.9.2


# Initialising Project 'app01'
Project Name      | app01
Project Directory | /Users/jefffogarty/Documents/projects/app01
Template          | Svelte + Vite
Template Source   | https://wails.io

Initialised project 'app01' in 149ms.

 ♥   If Wails is useful to you or your company, please consider sponsoring the project:
https://github.com/sponsors/leaanthony

create-svelte version 6.3.11

┌  Welcome to SvelteKit!
│
◇  Which Svelte app template?
│  Skeleton project
│
◇  Add type checking with TypeScript?
│  Yes, using TypeScript syntax
│
◇  Select additional options (use arrow keys/space bar)
│  Add ESLint for code linting, Add Prettier for code formatting, Try the Svelte 5 preview (unstable!)
│
└  Your project is ready!

Install more integrations with:
  npx svelte-add

Next steps:
  1: cd frontend
  2: bun install
  3: git init && git add -A && git commit -m "Initial commit" (optional)
  4: bun run dev -- --open

To close the dev server, hit Ctrl-C

Stuck? Visit us at https://svelte.dev/chat
bun install v1.1.28 (cf4e9cb6)

+ @sveltejs/adapter-auto@3.2.5
+ @sveltejs/kit@2.5.28
+ @sveltejs/vite-plugin-svelte@4.0.0-next.7
+ @types/eslint@9.6.1
+ eslint@9.10.0
┌   shadcn-svelte  v0.13.0
│
◇  Components to install:
│  input
│
◇  Ready to install components and dependencies?
│  Yes
│
◇  input installed at src/lib/components/ui/input
│
└  Success! Component installation completed.

Setup complete. I will now run 'wails dev' to start the development server.
Wails CLI v2.9.2

Executing: go mod tidy
  • Generating bindings: Done.
  • Installing frontend dependencies: Done.
  • Compiling frontend: Done.
$ vite dev
Forced re-optimization of dependencies

  VITE v5.4.6  ready in 512 ms

Vite Server URL: http://localhost:5173/
  ➜  Local:   http://localhost:5173/
  ➜  Network: use --host to expose
Running frontend DevWatcher command: 'bun run dev'
Building application for development...
  • Generating bindings: Done.
  • Compiling application: Done.
  • Packaging application: Done.
 WARNING  This darwin build contains the use of private APIs. This will not pass Apple's AppStore approval process. Please use it only as a test build for testing and debug purposes.